\BOOKMARK [1][-]{section*.2}{\376\377\060\157\060\130\060\201\060\153}{}% 1
\BOOKMARK [1][-]{section.1}{\376\377\060\102\060\152\060\137\060\114\167\345\060\211\060\152\060\113\060\143\060\137\060\277\060\244\060\340\060\336\060\267\060\363\377\010\060\152\060\134\060\320\060\374\060\270\060\347\060\363\173\241\164\006\060\114\137\305\211\201\060\152\060\156\060\113\377\037\377\011}{}% 2
\BOOKMARK [2][-]{subsection.1.1}{\376\377\060\267\060\271\060\306\060\340\060\114\060\152\060\104\060\150\166\364\227\142\060\131\060\213\125\117\230\114}{section.1}% 3
\BOOKMARK [2][-]{subsection.1.2}{\376\377\211\343\154\172\173\126\377\032\060\273\060\374\060\325\060\306\060\243\060\315\060\303\060\310\060\150\060\127\060\146\060\156\060\320\060\374\060\270\060\347\060\363\173\241\164\006}{section.1}% 4
\BOOKMARK [1][-]{section.2}{\376\377\000G\000i\000t\060\150\000G\000i\000t\000H\000u\000b\060\156\225\242\117\302\377\010\212\000\212\236\060\150\126\375\060\156\060\210\060\106\060\152\060\202\060\156\377\011}{}% 5
\BOOKMARK [1][-]{section.3}{\376\377\225\213\166\172\200\005\060\156\060\304\060\374\060\353\060\255\060\303\060\310\060\222\143\303\060\110\060\210\060\106}{}% 6
\BOOKMARK [2][-]{subsection.3.1}{\376\377\060\321\060\374\060\310\0001\377\032\000G\000i\000t\060\156\060\244\060\363\060\271\060\310\060\374\060\353\377\010\220\123\121\167\060\222\142\113\060\153\121\145\060\214\060\213\377\011}{section.3}% 7
\BOOKMARK [2][-]{subsection.3.2}{\376\377\060\321\060\374\060\310\0002\377\032\000G\000i\000t\000H\000u\000b\060\242\060\253\060\246\060\363\060\310\060\156\117\134\142\020\377\010\060\102\060\152\060\137\060\156\060\252\060\363\060\351\060\244\060\363\116\012\060\156\216\253\122\006\212\074\146\016\377\011}{section.3}% 8
\BOOKMARK [2][-]{subsection.3.3}{\376\377\060\321\060\374\060\310\0003\377\032\000G\000i\000t\060\170\060\156\201\352\135\361\175\071\116\313\377\010\122\035\126\336\212\055\133\232\377\011}{section.3}% 9
\BOOKMARK [1][-]{section.4}{\376\377\147\000\122\035\060\156\060\275\060\355\060\327\060\355\060\270\060\247\060\257\060\310\000\040\000-\000\040\220\062\143\127\060\222\060\355\060\374\060\253\060\353\060\153\117\335\133\130\060\131\060\213}{}% 10
\BOOKMARK [2][-]{subsection.4.1}{\376\377\000G\000i\000t\060\156\0003\060\144\060\156\060\250\060\352\060\242\377\010\153\324\125\251\060\147\164\006\211\343\060\131\060\213\377\011}{section.4}% 11
\BOOKMARK [2][-]{subsection.4.2}{\376\377\060\263\060\242\060\357\060\374\060\257\060\325\060\355\060\374\060\156\133\237\215\365}{section.4}% 12
\BOOKMARK [1][-]{section.5}{\376\377\120\221\117\134\060\222\121\161\147\011\060\131\060\213\000\040\000-\000\040\000G\000i\000t\000H\000u\000b\060\150\060\156\143\245\175\232}{}% 13
\BOOKMARK [2][-]{subsection.5.1}{\376\377\060\267\060\312\060\352\060\252\000A\377\032\060\355\060\374\060\253\060\353\060\147\131\313\060\201\060\137\060\327\060\355\060\270\060\247\060\257\060\310\060\222\000G\000i\000t\000H\000u\000b\060\153\121\154\225\213\060\131\060\213}{section.5}% 14
\BOOKMARK [2][-]{subsection.5.2}{\376\377\060\267\060\312\060\352\060\252\000B\377\032\000G\000i\000t\000H\000u\000b\060\153\145\342\060\153\060\102\060\213\060\327\060\355\060\270\060\247\060\257\060\310\060\153\123\302\122\240\060\131\060\213}{section.5}% 15
\BOOKMARK [1][-]{section.6}{\376\377\060\321\060\351\060\354\060\353\060\357\060\374\060\353\060\311\060\156\122\233\000\040\000-\000\040\060\326\060\351\060\363\060\301\121\145\225\200}{}% 16
\BOOKMARK [2][-]{subsection.6.1}{\376\377\060\326\060\351\060\363\060\301\060\156\153\324\125\251\377\032\060\321\060\351\060\354\060\353\060\357\060\374\060\353\060\311}{section.6}% 17
\BOOKMARK [2][-]{subsection.6.2}{\376\377\060\326\060\351\060\363\060\301\144\315\117\134\060\263\060\336\060\363\060\311}{section.6}% 18
\BOOKMARK [2][-]{subsection.6.3}{\376\377\000g\000i\000t\000\040\000s\000w\000i\000t\000c\000h\000\040\000v\000s\000\040\000g\000i\000t\000\040\000c\000h\000e\000c\000k\000o\000u\000t}{section.6}% 19
\BOOKMARK [1][-]{section.7}{\376\377\060\301\060\374\060\340\060\357\060\374\060\257\060\114\131\042\060\222\123\366\060\110\060\213\000\040\000-\000\040\060\327\060\353\060\352\060\257\060\250\060\271\060\310\060\156\155\101\060\214}{}% 20
\BOOKMARK [2][-]{subsection.7.1}{\376\377\060\327\060\353\060\352\060\257\060\250\060\271\060\310\060\156\162\151\212\236}{section.7}% 21
\BOOKMARK [1][-]{section.8}{\376\377\146\102\225\223\216\370\060\114\116\244\060\217\060\213\146\102\000\040\000-\000\040\060\336\060\374\060\270\060\263\060\363\060\325\060\352\060\257\060\310\060\156\211\343\154\172}{}% 22
\BOOKMARK [2][-]{subsection.8.1}{\376\377\060\263\060\363\060\325\060\352\060\257\060\310\060\156\121\167\117\123\117\213}{section.8}% 23
\BOOKMARK [2][-]{subsection.8.2}{\376\377\211\343\154\172\060\327\060\355\060\273\060\271}{section.8}% 24
\BOOKMARK [1][-]{section.9}{\376\377\060\327\060\355\060\270\060\247\060\257\060\310\060\222\145\164\164\006\145\164\230\023\060\131\060\213\000\040\000-\000\040\137\305\230\010\060\156\060\304\060\374\060\353\060\150\060\306\060\257\060\313\060\303\060\257}{}% 25
\BOOKMARK [2][-]{subsection.9.1}{\376\377\060\321\060\374\060\310\0001\377\032\116\015\211\201\060\152\060\325\060\241\060\244\060\353\060\222\161\041\211\226\060\131\060\213\000\040\000.\000g\000i\000t\000i\000g\000n\000o\000r\000e}{section.9}% 26
\BOOKMARK [2][-]{subsection.9.2}{\376\377\060\321\060\374\060\310\0002\377\032\116\000\153\151\220\062\060\223\060\140\153\164\123\362\060\156\145\164\164\006\000\040\000-\000\040\000m\000e\000r\000g\000e\000\040\000v\000s\000.\000\040\000r\000e\000b\000a\000s\000e}{section.9}% 27
\BOOKMARK [1][-]{appendix.A}{\376\377\060\263\060\336\060\363\060\311\145\351\211\213\210\150}{}% 28
